0 info it worked if it ends with ok
1 verbose cli [ 'C:\\Program Files\\nodejs\\node.exe',
1 verbose cli   'C:\\Program Files\\nodejs\\node_modules\\npm\\bin\\npm-cli.js',
1 verbose cli   'install' ]
2 info using npm@3.10.10
3 info using node@v6.11.3
4 silly loadCurrentTree Starting
5 silly install loadCurrentTree
6 silly install readLocalPackageData
7 silly rollbackFailedOptional Starting
8 silly rollbackFailedOptional Finishing
9 silly runTopLevelLifecycles Finishing
10 silly install printInstalled
11 verbose stack Error: EINVAL: invalid argument, lstat 'C:\Users\nehab\OneDrive'
11 verbose stack     at Error (native)
12 verbose cwd C:\Users\nehab\OneDrive\Documents\Web_Design\ecommerceSite\server
13 error Windows_NT 10.0.15063
14 error argv "C:\\Program Files\\nodejs\\node.exe" "C:\\Program Files\\nodejs\\node_modules\\npm\\bin\\npm-cli.js" "install"
15 error node v6.11.3
16 error npm  v3.10.10
17 error path C:\Users\nehab\OneDrive
18 error code EINVAL
19 error errno -4071
20 error syscall lstat
21 error EINVAL: invalid argument, lstat 'C:\Users\nehab\OneDrive'
22 error If you need help, you may report this error at:
22 error     <https://github.com/npm/npm/issues>
23 verbose exit [ -4071, true ]
